[debug] [2024-05-31T07:41:09.628Z] ----------------------------------------------------------------------
[debug] [2024-05-31T07:41:09.632Z] Command:       C:\Program Files\nodejs\node.exe C:\Users\merti\AppData\Roaming\npm\node_modules\firebase-tools\lib\bin\firebase.js deploy
[debug] [2024-05-31T07:41:09.632Z] CLI Version:   13.10.2
[debug] [2024-05-31T07:41:09.633Z] Platform:      win32
[debug] [2024-05-31T07:41:09.634Z] Node Version:  v18.18.0
[debug] [2024-05-31T07:41:09.636Z] Time:          Fri May 31 2024 13:11:09 GMT+0530 (India Standard Time)
[debug] [2024-05-31T07:41:09.636Z] ----------------------------------------------------------------------
[debug] 
[debug] [2024-05-31T07:41:09.808Z] > command requires scopes: ["email","openid","https://www.googleapis.com/auth/cloudplatformprojects.readonly","https://www.googleapis.com/auth/firebase","https://www.googleapis.com/auth/cloud-platform"]
[debug] [2024-05-31T07:41:09.809Z] > authorizing via signed-in user (rathorejaimalbanna@gmail.com)
[debug] [2024-05-31T07:41:09.810Z] [iam] checking project brokerage-house for permissions ["firebase.projects.get","firebasehosting.sites.update"]
[debug] [2024-05-31T07:41:09.813Z] > refreshing access token with scopes: []
[debug] [2024-05-31T07:41:09.816Z] >>> [apiv2][query] POST https://www.googleapis.com/oauth2/v3/token [none]
[debug] [2024-05-31T07:41:09.817Z] >>> [apiv2][body] POST https://www.googleapis.com/oauth2/v3/token [omitted]
[debug] [2024-05-31T07:41:10.729Z] <<< [apiv2][status] POST https://www.googleapis.com/oauth2/v3/token 200
[debug] [2024-05-31T07:41:10.730Z] <<< [apiv2][body] POST https://www.googleapis.com/oauth2/v3/token [omitted]
[debug] [2024-05-31T07:41:10.746Z] >>> [apiv2][query] POST https://cloudresourcemanager.googleapis.com/v1/projects/brokerage-house:testIamPermissions [none]
[debug] [2024-05-31T07:41:10.747Z] >>> [apiv2][(partial)header] POST https://cloudresourcemanager.googleapis.com/v1/projects/brokerage-house:testIamPermissions x-goog-quota-user=projects/brokerage-house
[debug] [2024-05-31T07:41:10.747Z] >>> [apiv2][body] POST https://cloudresourcemanager.googleapis.com/v1/projects/brokerage-house:testIamPermissions {"permissions":["firebase.projects.get","firebasehosting.sites.update"]}
[debug] [2024-05-31T07:41:12.741Z] <<< [apiv2][status] POST https://cloudresourcemanager.googleapis.com/v1/projects/brokerage-house:testIamPermissions 200
[debug] [2024-05-31T07:41:12.741Z] <<< [apiv2][body] POST https://cloudresourcemanager.googleapis.com/v1/projects/brokerage-house:testIamPermissions {"permissions":["firebase.projects.get","firebasehosting.sites.update"]}
[debug] [2024-05-31T07:41:12.743Z] >>> [apiv2][query] GET https://firebase.googleapis.com/v1beta1/projects/brokerage-house [none]
[debug] [2024-05-31T07:41:13.531Z] <<< [apiv2][status] GET https://firebase.googleapis.com/v1beta1/projects/brokerage-house 200
[debug] [2024-05-31T07:41:13.532Z] <<< [apiv2][body] GET https://firebase.googleapis.com/v1beta1/projects/brokerage-house {"projectId":"brokerage-house","projectNumber":"638417885250","displayName":"brokerage-house","name":"projects/brokerage-house","resources":{"hostingSite":"brokerage-house"},"state":"ACTIVE","etag":"1_51503c31-fa76-47b7-a00c-44e12ea4d1aa"}
[info] 
[info] === Deploying to 'brokerage-house'...
[info] 
[info] i  deploying hosting 
[debug] [2024-05-31T07:41:13.545Z] >>> [apiv2][query] POST https://firebasehosting.googleapis.com/v1beta1/projects/-/sites/brokerage-house/versions [none]
[debug] [2024-05-31T07:41:13.545Z] >>> [apiv2][body] POST https://firebasehosting.googleapis.com/v1beta1/projects/-/sites/brokerage-house/versions {"status":"CREATED","labels":{"deployment-tool":"cli-firebase"}}
[debug] [2024-05-31T07:41:15.414Z] <<< [apiv2][status] POST https://firebasehosting.googleapis.com/v1beta1/projects/-/sites/brokerage-house/versions 200
[debug] [2024-05-31T07:41:15.415Z] <<< [apiv2][body] POST https://firebasehosting.googleapis.com/v1beta1/projects/-/sites/brokerage-house/versions {"name":"projects/638417885250/sites/brokerage-house/versions/a0d032f7849d1782","status":"CREATED","config":{},"labels":{"deployment-tool":"cli-firebase"}}
[info] i  hosting[brokerage-house]: beginning deploy... 
[info] i  hosting[brokerage-house]: found 39 files in build 
[debug] [2024-05-31T07:41:15.455Z] [hosting] uploading with 200 concurrency
[debug] [2024-05-31T07:41:16.385Z] [hosting] hash cache [YnVpbGQ] stored for 39 files
[debug] [2024-05-31T07:41:16.385Z] [hosting][hash queue][FINAL] {"max":910,"min":5,"avg":34.58974358974359,"active":0,"complete":39,"success":39,"errored":0,"retried":0,"total":39,"elapsed":926}
[debug] [2024-05-31T07:41:16.386Z] >>> [apiv2][query] POST https://firebasehosting.googleapis.com/v1beta1/projects/638417885250/sites/brokerage-house/versions/a0d032f7849d1782:populateFiles [none]
[debug] [2024-05-31T07:41:16.386Z] >>> [apiv2][body] POST https://firebasehosting.googleapis.com/v1beta1/projects/638417885250/sites/brokerage-house/versions/a0d032f7849d1782:populateFiles {"files":{"/manifest.json":"aff3449bdc238776f5d6d967f19ec491b36aed5fb7f23ccff6500736fd58494a","/robots.txt":"bfe106a3fb878dc83461c86818bf74fc1bdc7f28538ba613cd3e775516ce8b49","/images/about.png":"78f2b05fffbb4d3c7ab67438bbff5c07f4057481b2ecfcb3bb0dfc10e68ac787","/images/admin.png":"449ac3837fae8c048a2cdc6003c04dcbb35186038aaa9a3ab339dc4158445ad3","/images/bank.png":"b8372e398f15e31caca24828d7ef965e3a45a35e3e0b2934d9d34bb155c52ff2","/images/bonus.png":"c47c06c3e1e5f8bd192108d857cbc9d678d3e1013545962068fa41bd6ec815be","/images/BrokerageBG.png":"a5481f82b245cb1e51005afd8ef566d0ab42a8f42af99ede3f47c5cf95589178","/images/building.png":"bc9d49ea73f77ccdd146afe7254b2aad1f59ac0ed8208b92557458037e98c159","/images/calendar.png":"d8afd08482b7321e50881360b5f3d42764ef821c10bced2f945d3ee894455a45","/images/chek.png":"0e40bd9b9a9bfb1ac5fddf091e0e94bfd57da927820041c75628266310bd0078","/images/coin.png":"d82cf59a9df48a9cf302eaf505b88e0b24fae8f39ca55f065c8054ab8538d5ef","/images/copy.png":"cc26066144e7350100e7e44b18b4b763d88243026a02871ba6c97e80b68e08e1","/images/dashboard.png":"83e133b6627db63aa07e34e86ff84db083c8c5813c20c2e3588b5c141c9aebc6","/images/delete.png":"ff40c6eee300342773ae44b2b432a7a8827f424710ac56cf1b19aa2077c92ac0","/images/edit.png":"7316afedc159928a7a99f4bcc52b5004e36827db33dd62700d6a481910a2f883","/images/history.png":"25befbeecec8ba5a3476941d7b3dd842d88c7a47a33ec48b4dfdd8206f38be5b","/images/house.png":"c544f029aba977d0207a983f95374c50da184c9b90b532ea3323f0fc2dc228ee","/images/insurance.png":"991d71eb30d153dc8f60efffbb860c6f993e9129553c09e8f0484e85ad8036e7","/images/logout.png":"44f4b0d45d6cb352e3791c451c9498fe9b9c4eabbde31434cb3b28f801432341","/images/menu.png":"d474aac6519e541d956ed944f2ad0067f41000ffdfb5ecdfd0ffed12cb503d8d","/images/network.png":"78563c966143ea161b9e1437ad8bdc2ba62172ea7d5a7457622008092c68e75e","/images/payout.png":"db580cb02533d37d38812015f0ea930c70ab99ac687d75836b551c3e0e54784b","/images/phone-call.png":"e694d6e001a9b4cbf4cc087dde77c1f9f1f7477682dba1c90cae15e3686b1afb","/images/placeholder.png":"8bd01cf8354b129590c1ee42f5e572aa44e54c4790066d47dd2e88c2152984f6","/images/project-management.png":"618bdd9bbb65b5f5216a4613c58f57d3e8f3556eba42af2c2e7ef0250bc82d2a","/images/real-estate.png":"8f06da9daa2451cb3b81678e7c6df529defdbdcfa020316905dc27e0a377f1d7","/images/security.png":"12d091d48e63e6def79b493bdbf4d0e5c4ecb7fba4fca409fc085bd438b4ef87","/images/success.png":"3a19346709de84ca59965c208eccb7b666e9efff4ee4dbac8fc299afb9ff84fc","/images/terms-and-conditions.png":"be3a196951391fe8c4f6846dfe2f2b2ea3ecde1786c1eef29e027e6eedf0ca9c","/images/transfer.png":"010e3d48c53465bc960fb4fcbd85ac8530a0cbc6771640f3f2d6e31bf3b23d2c","/images/user.png":"dc58f98277c99257621c7957567d9e120626817d27cc2619bbe3195b510d5b85","/asset-manifest.json":"0a5c68c0bac961fc7943604a5b17f38d9049bb8553bd787b0e2af7c7723faff8","/index.html":"f48a23e230601f0bade7a05b3bd0be2a1d2ad56d8ddc28be1fcbaad3aa8555b8","/static/js/main.d6e290c1.js.LICENSE.txt":"8b7ed65799d0e2d52650b9c00b08eec7ddb1fd8e9adae2ce0fd6bf9f8663dc5f","/static/css/main.d5f5ef67.css":"175666459469adab7920f8970a75788dbf51d2f46fab6a7dcf4bea6c258805ad","/static/media/BrokerageBG.1e8da7a84eb1d093ff3c.png":"a5481f82b245cb1e51005afd8ef566d0ab42a8f42af99ede3f47c5cf95589178","/static/css/main.d5f5ef67.css.map":"0b362bda88b12bd17b6921a33a8919c53c12abdae72dc199c407d25187c07bbf","/static/js/main.d6e290c1.js":"ce19bdd735a1d7437b7b83cd9b7ca3c8c347de5be892118d4594a0c228ce1af9","/static/js/main.d6e290c1.js.map":"2328777fbee31fd3ba172bcec025bb6953c1ea290b4749fbece113f0fefa6010"}}
[debug] [2024-05-31T07:41:19.972Z] <<< [apiv2][status] POST https://firebasehosting.googleapis.com/v1beta1/projects/638417885250/sites/brokerage-house/versions/a0d032f7849d1782:populateFiles 200
[debug] [2024-05-31T07:41:19.972Z] <<< [apiv2][body] POST https://firebasehosting.googleapis.com/v1beta1/projects/638417885250/sites/brokerage-house/versions/a0d032f7849d1782:populateFiles {"uploadRequiredHashes":["0a5c68c0bac961fc7943604a5b17f38d9049bb8553bd787b0e2af7c7723faff8","ce19bdd735a1d7437b7b83cd9b7ca3c8c347de5be892118d4594a0c228ce1af9","2328777fbee31fd3ba172bcec025bb6953c1ea290b4749fbece113f0fefa6010","f48a23e230601f0bade7a05b3bd0be2a1d2ad56d8ddc28be1fcbaad3aa8555b8"],"uploadUrl":"https://upload-firebasehosting.googleapis.com/upload/sites/brokerage-house/versions/a0d032f7849d1782/files"}
[debug] [2024-05-31T07:41:19.975Z] >>> [apiv2][query] POST https://upload-firebasehosting.googleapis.com/upload/sites/brokerage-house/versions/a0d032f7849d1782/files/0a5c68c0bac961fc7943604a5b17f38d9049bb8553bd787b0e2af7c7723faff8 [none]
[debug] [2024-05-31T07:41:19.975Z] >>> [apiv2][body] POST https://upload-firebasehosting.googleapis.com/upload/sites/brokerage-house/versions/a0d032f7849d1782/files/0a5c68c0bac961fc7943604a5b17f38d9049bb8553bd787b0e2af7c7723faff8 [stream]
[debug] [2024-05-31T07:41:19.977Z] >>> [apiv2][query] POST https://upload-firebasehosting.googleapis.com/upload/sites/brokerage-house/versions/a0d032f7849d1782/files/ce19bdd735a1d7437b7b83cd9b7ca3c8c347de5be892118d4594a0c228ce1af9 [none]
[debug] [2024-05-31T07:41:19.978Z] >>> [apiv2][body] POST https://upload-firebasehosting.googleapis.com/upload/sites/brokerage-house/versions/a0d032f7849d1782/files/ce19bdd735a1d7437b7b83cd9b7ca3c8c347de5be892118d4594a0c228ce1af9 [stream]
[debug] [2024-05-31T07:41:19.979Z] >>> [apiv2][query] POST https://upload-firebasehosting.googleapis.com/upload/sites/brokerage-house/versions/a0d032f7849d1782/files/2328777fbee31fd3ba172bcec025bb6953c1ea290b4749fbece113f0fefa6010 [none]
[debug] [2024-05-31T07:41:19.980Z] >>> [apiv2][body] POST https://upload-firebasehosting.googleapis.com/upload/sites/brokerage-house/versions/a0d032f7849d1782/files/2328777fbee31fd3ba172bcec025bb6953c1ea290b4749fbece113f0fefa6010 [stream]
[debug] [2024-05-31T07:41:19.982Z] >>> [apiv2][query] POST https://upload-firebasehosting.googleapis.com/upload/sites/brokerage-house/versions/a0d032f7849d1782/files/f48a23e230601f0bade7a05b3bd0be2a1d2ad56d8ddc28be1fcbaad3aa8555b8 [none]
[debug] [2024-05-31T07:41:19.982Z] >>> [apiv2][body] POST https://upload-firebasehosting.googleapis.com/upload/sites/brokerage-house/versions/a0d032f7849d1782/files/f48a23e230601f0bade7a05b3bd0be2a1d2ad56d8ddc28be1fcbaad3aa8555b8 [stream]
[debug] [2024-05-31T07:41:19.985Z] [hosting][populate queue][FINAL] {"max":3593,"min":3593,"avg":3593,"active":0,"complete":1,"success":1,"errored":0,"retried":0,"total":1,"elapsed":3603}
[debug] [2024-05-31T07:41:19.985Z] [hosting] uploads queued: 4
[debug] [2024-05-31T07:41:22.412Z] <<< [apiv2][status] POST https://upload-firebasehosting.googleapis.com/upload/sites/brokerage-house/versions/a0d032f7849d1782/files/0a5c68c0bac961fc7943604a5b17f38d9049bb8553bd787b0e2af7c7723faff8 200
[debug] [2024-05-31T07:41:22.412Z] <<< [apiv2][body] POST https://upload-firebasehosting.googleapis.com/upload/sites/brokerage-house/versions/a0d032f7849d1782/files/0a5c68c0bac961fc7943604a5b17f38d9049bb8553bd787b0e2af7c7723faff8 [stream]
[debug] [2024-05-31T07:41:23.217Z] <<< [apiv2][status] POST https://upload-firebasehosting.googleapis.com/upload/sites/brokerage-house/versions/a0d032f7849d1782/files/f48a23e230601f0bade7a05b3bd0be2a1d2ad56d8ddc28be1fcbaad3aa8555b8 200
[debug] [2024-05-31T07:41:23.218Z] <<< [apiv2][body] POST https://upload-firebasehosting.googleapis.com/upload/sites/brokerage-house/versions/a0d032f7849d1782/files/f48a23e230601f0bade7a05b3bd0be2a1d2ad56d8ddc28be1fcbaad3aa8555b8 [stream]
[debug] [2024-05-31T07:41:28.978Z] <<< [apiv2][status] POST https://upload-firebasehosting.googleapis.com/upload/sites/brokerage-house/versions/a0d032f7849d1782/files/ce19bdd735a1d7437b7b83cd9b7ca3c8c347de5be892118d4594a0c228ce1af9 200
[debug] [2024-05-31T07:41:28.978Z] <<< [apiv2][body] POST https://upload-firebasehosting.googleapis.com/upload/sites/brokerage-house/versions/a0d032f7849d1782/files/ce19bdd735a1d7437b7b83cd9b7ca3c8c347de5be892118d4594a0c228ce1af9 [stream]
